Compiled jquery.js  (0ms)  (pid 7388)
Compiled jquery_ujs.js  (0ms)  (pid 7388)
Compiled jquery.raty.min.js  (0ms)  (pid 7388)
Compiled jquery.simple-color-picker.js  (0ms)  (pid 7388)
Compiled kaisya.js  (0ms)  (pid 7388)
Compiled kuchikomis.js  (89ms)  (pid 7388)
Compiled lib/jquery.raty.js  (0ms)  (pid 7388)
Compiled lib/jquery.raty.min のコピー.js  (0ms)  (pid 7388)
Compiled rails.js  (0ms)  (pid 7388)
Compiled use_rirekis.js  (38ms)  (pid 7388)
Compiled yokaup.js.erb_  (0ms)  (pid 7388)
Compiled application.js  (246ms)  (pid 7388)
Compiled izakaya.css  (0ms)  (pid 7388)
Compiled jquery.simple-color-picker.css  (0ms)  (pid 7388)
Compiled kaisyaadd.css  (0ms)  (pid 7388)
Compiled osusume.css  (0ms)  (pid 7388)
Compiled user.css  (0ms)  (pid 7388)
Compiled bootstrap/css/bootstrap.min.css  (23ms)  (pid 7388)
Compiled application.css  (64ms)  (pid 7388)
Compiled jquery.js  (0ms)  (pid 7388)
Compiled jquery_ujs.js  (0ms)  (pid 7388)
Compiled jquery.raty.min.js  (0ms)  (pid 7388)
Compiled jquery.simple-color-picker.js  (0ms)  (pid 7388)
Compiled kaisya.js  (0ms)  (pid 7388)
Compiled kuchikomis.js  (74ms)  (pid 7388)
Compiled lib/jquery.raty.js  (0ms)  (pid 7388)
Compiled lib/jquery.raty.min のコピー.js  (0ms)  (pid 7388)
Compiled rails.js  (0ms)  (pid 7388)
Compiled use_rirekis.js  (41ms)  (pid 7388)
Compiled yokaup.js.erb_  (0ms)  (pid 7388)
Compiled application.js  (219ms)  (pid 7388)
Compiled izakaya.css  (0ms)  (pid 7388)
Compiled jquery.simple-color-picker.css  (0ms)  (pid 7388)
Compiled kaisyaadd.css  (0ms)  (pid 7388)
Compiled osusume.css  (0ms)  (pid 7388)
Compiled user.css  (0ms)  (pid 7388)
Compiled bootstrap/css/bootstrap.min.css  (0ms)  (pid 7388)
Compiled application.css  (64ms)  (pid 7388)
Compiled jquery.js  (0ms)  (pid 7487)
Compiled jquery_ujs.js  (0ms)  (pid 7487)
Compiled jquery.raty.min.js  (0ms)  (pid 7487)
Compiled jquery.simple-color-picker.js  (0ms)  (pid 7487)
Compiled kaisya.js  (0ms)  (pid 7487)
Compiled kuchikomis.js  (74ms)  (pid 7487)
Compiled lib/jquery.raty.js  (0ms)  (pid 7487)
Compiled lib/jquery.raty.min のコピー.js  (0ms)  (pid 7487)
Compiled rails.js  (0ms)  (pid 7487)
Compiled use_rirekis.js  (41ms)  (pid 7487)
Compiled yokaup.js.erb_  (0ms)  (pid 7487)
Compiled application.js  (220ms)  (pid 7487)
Compiled izakaya.css  (0ms)  (pid 7487)
Compiled jquery.simple-color-picker.css  (0ms)  (pid 7487)
Compiled kaisyaadd.css  (0ms)  (pid 7487)
Compiled osusume.css  (0ms)  (pid 7487)
Compiled user.css  (0ms)  (pid 7487)
Compiled bootstrap/css/bootstrap.min.css  (21ms)  (pid 7487)
Compiled application.css  (58ms)  (pid 7487)
Compiled jquery.js  (0ms)  (pid 7487)
Compiled jquery_ujs.js  (0ms)  (pid 7487)
Compiled jquery.raty.min.js  (0ms)  (pid 7487)
Compiled jquery.simple-color-picker.js  (0ms)  (pid 7487)
Compiled kaisya.js  (0ms)  (pid 7487)
Compiled kuchikomis.js  (75ms)  (pid 7487)
Compiled lib/jquery.raty.js  (0ms)  (pid 7487)
Compiled lib/jquery.raty.min のコピー.js  (0ms)  (pid 7487)
Compiled rails.js  (0ms)  (pid 7487)
Compiled use_rirekis.js  (40ms)  (pid 7487)
Compiled yokaup.js.erb_  (0ms)  (pid 7487)
Compiled application.js  (227ms)  (pid 7487)
Compiled izakaya.css  (0ms)  (pid 7487)
Compiled jquery.simple-color-picker.css  (0ms)  (pid 7487)
Compiled kaisyaadd.css  (0ms)  (pid 7487)
Compiled osusume.css  (0ms)  (pid 7487)
Compiled user.css  (0ms)  (pid 7487)
Compiled bootstrap/css/bootstrap.min.css  (0ms)  (pid 7487)
Compiled application.css  (67ms)  (pid 7487)
Compiled jquery.js  (0ms)  (pid 7602)
Compiled jquery_ujs.js  (0ms)  (pid 7602)
Compiled jquery.raty.min.js  (0ms)  (pid 7602)
Compiled jquery.simple-color-picker.js  (0ms)  (pid 7602)
Compiled kaisya.js  (0ms)  (pid 7602)
Compiled kuchikomis.js  (72ms)  (pid 7602)
Compiled lib/jquery.raty.js  (0ms)  (pid 7602)
Compiled lib/jquery.raty.min のコピー.js  (0ms)  (pid 7602)
Compiled rails.js  (0ms)  (pid 7602)
Compiled use_rirekis.js  (38ms)  (pid 7602)
Compiled yokaup.js.erb_  (0ms)  (pid 7602)
Compiled application.js  (222ms)  (pid 7602)
Compiled izakaya.css  (0ms)  (pid 7602)
Compiled jquery.simple-color-picker.css  (0ms)  (pid 7602)
Compiled kaisyaadd.css  (0ms)  (pid 7602)
Compiled osusume.css  (0ms)  (pid 7602)
Compiled user.css  (0ms)  (pid 7602)
Compiled bootstrap/css/bootstrap.min.css  (24ms)  (pid 7602)
Compiled application.css  (61ms)  (pid 7602)
Compiled jquery.js  (0ms)  (pid 7602)
Compiled jquery_ujs.js  (0ms)  (pid 7602)
Compiled jquery.raty.min.js  (0ms)  (pid 7602)
Compiled jquery.simple-color-picker.js  (0ms)  (pid 7602)
Compiled kaisya.js  (0ms)  (pid 7602)
Compiled kuchikomis.js  (74ms)  (pid 7602)
Compiled lib/jquery.raty.js  (0ms)  (pid 7602)
Compiled lib/jquery.raty.min のコピー.js  (0ms)  (pid 7602)
Compiled rails.js  (0ms)  (pid 7602)
Compiled use_rirekis.js  (40ms)  (pid 7602)
Compiled yokaup.js.erb_  (0ms)  (pid 7602)
Compiled application.js  (220ms)  (pid 7602)
Compiled izakaya.css  (0ms)  (pid 7602)
Compiled jquery.simple-color-picker.css  (0ms)  (pid 7602)
Compiled kaisyaadd.css  (0ms)  (pid 7602)
Compiled osusume.css  (0ms)  (pid 7602)
Compiled user.css  (0ms)  (pid 7602)
Compiled bootstrap/css/bootstrap.min.css  (0ms)  (pid 7602)
Compiled application.css  (58ms)  (pid 7602)
Compiled jquery.js  (0ms)  (pid 7697)
Compiled jquery_ujs.js  (0ms)  (pid 7697)
Compiled jquery.raty.min.js  (0ms)  (pid 7697)
Compiled jquery.simple-color-picker.js  (0ms)  (pid 7697)
Compiled kaisya.js  (0ms)  (pid 7697)
Compiled kuchikomis.js  (73ms)  (pid 7697)
Compiled lib/jquery.raty.js  (0ms)  (pid 7697)
Compiled lib/jquery.raty.min のコピー.js  (0ms)  (pid 7697)
Compiled rails.js  (0ms)  (pid 7697)
Compiled use_rirekis.js  (38ms)  (pid 7697)
Compiled yokaup.js.erb_  (0ms)  (pid 7697)
Compiled application.js  (227ms)  (pid 7697)
Compiled izakaya.css  (0ms)  (pid 7697)
Compiled jquery.simple-color-picker.css  (0ms)  (pid 7697)
Compiled kaisyaadd.css  (0ms)  (pid 7697)
Compiled osusume.css  (0ms)  (pid 7697)
Compiled user.css  (0ms)  (pid 7697)
Compiled bootstrap/css/bootstrap.min.css  (23ms)  (pid 7697)
Compiled application.css  (62ms)  (pid 7697)
Compiled jquery.js  (0ms)  (pid 7697)
Compiled jquery_ujs.js  (0ms)  (pid 7697)
Compiled jquery.raty.min.js  (0ms)  (pid 7697)
Compiled jquery.simple-color-picker.js  (0ms)  (pid 7697)
Compiled kaisya.js  (0ms)  (pid 7697)
Compiled kuchikomis.js  (74ms)  (pid 7697)
Compiled lib/jquery.raty.js  (0ms)  (pid 7697)
Compiled lib/jquery.raty.min のコピー.js  (0ms)  (pid 7697)
Compiled rails.js  (0ms)  (pid 7697)
Compiled use_rirekis.js  (38ms)  (pid 7697)
Compiled yokaup.js.erb_  (0ms)  (pid 7697)
Compiled application.js  (220ms)  (pid 7697)
Compiled izakaya.css  (0ms)  (pid 7697)
Compiled jquery.simple-color-picker.css  (0ms)  (pid 7697)
Compiled kaisyaadd.css  (0ms)  (pid 7697)
Compiled osusume.css  (0ms)  (pid 7697)
Compiled user.css  (0ms)  (pid 7697)
Compiled bootstrap/css/bootstrap.min.css  (0ms)  (pid 7697)
Compiled application.css  (63ms)  (pid 7697)
Compiled jquery.js  (0ms)  (pid 7796)
Compiled jquery_ujs.js  (0ms)  (pid 7796)
Compiled jquery.raty.min.js  (0ms)  (pid 7796)
Compiled jquery.simple-color-picker.js  (0ms)  (pid 7796)
Compiled kaisya.js  (0ms)  (pid 7796)
Compiled kuchikomis.js  (80ms)  (pid 7796)
Compiled lib/jquery.raty.js  (0ms)  (pid 7796)
Compiled lib/jquery.raty.min のコピー.js  (0ms)  (pid 7796)
Compiled rails.js  (0ms)  (pid 7796)
Compiled use_rirekis.js  (38ms)  (pid 7796)
Compiled yokaup.js.erb_  (0ms)  (pid 7796)
Compiled application.js  (234ms)  (pid 7796)
Compiled izakaya.css  (0ms)  (pid 7796)
Compiled jquery.simple-color-picker.css  (0ms)  (pid 7796)
Compiled kaisyaadd.css  (0ms)  (pid 7796)
Compiled osusume.css  (0ms)  (pid 7796)
Compiled user.css  (0ms)  (pid 7796)
Compiled bootstrap/css/bootstrap.min.css  (24ms)  (pid 7796)
Compiled application.css  (66ms)  (pid 7796)
Compiled jquery.js  (0ms)  (pid 7796)
Compiled jquery_ujs.js  (0ms)  (pid 7796)
Compiled jquery.raty.min.js  (0ms)  (pid 7796)
Compiled jquery.simple-color-picker.js  (0ms)  (pid 7796)
Compiled kaisya.js  (0ms)  (pid 7796)
Compiled kuchikomis.js  (75ms)  (pid 7796)
Compiled lib/jquery.raty.js  (0ms)  (pid 7796)
Compiled lib/jquery.raty.min のコピー.js  (0ms)  (pid 7796)
Compiled rails.js  (0ms)  (pid 7796)
Compiled use_rirekis.js  (40ms)  (pid 7796)
Compiled yokaup.js.erb_  (0ms)  (pid 7796)
Compiled application.js  (228ms)  (pid 7796)
Compiled izakaya.css  (0ms)  (pid 7796)
Compiled jquery.simple-color-picker.css  (0ms)  (pid 7796)
Compiled kaisyaadd.css  (0ms)  (pid 7796)
Compiled osusume.css  (0ms)  (pid 7796)
Compiled user.css  (0ms)  (pid 7796)
Compiled bootstrap/css/bootstrap.min.css  (0ms)  (pid 7796)
Compiled application.css  (61ms)  (pid 7796)
Compiled jquery.js  (0ms)  (pid 8740)
Compiled jquery_ujs.js  (0ms)  (pid 8740)
Compiled jquery.raty.min.js  (0ms)  (pid 8740)
Compiled jquery.simple-color-picker.js  (0ms)  (pid 8740)
Compiled kaisya.js  (0ms)  (pid 8740)
Compiled kuchikomis.js  (103ms)  (pid 8740)
Compiled lib/jquery.raty.js  (0ms)  (pid 8740)
Compiled lib/jquery.raty.min のコピー.js  (1ms)  (pid 8740)
Compiled rails.js  (0ms)  (pid 8740)
Compiled use_rirekis.js  (46ms)  (pid 8740)
Compiled yokaup.js.erb_  (0ms)  (pid 8740)
Compiled application.js  (266ms)  (pid 8740)
Compiled izakaya.css  (0ms)  (pid 8740)
Compiled jquery.simple-color-picker.css  (0ms)  (pid 8740)
Compiled user.css  (0ms)  (pid 8740)
Compiled bootstrap/css/bootstrap.min.css  (0ms)  (pid 8740)
Compiled jquery.simple-color-picker.css  (0ms)  (pid 8740)
Compiled application.css  (59ms)  (pid 8740)
Compiled jquery.js  (0ms)  (pid 8740)
Compiled jquery_ujs.js  (0ms)  (pid 8740)
Compiled jquery.raty.min.js  (0ms)  (pid 8740)
Compiled jquery.simple-color-picker.js  (0ms)  (pid 8740)
Compiled kaisya.js  (0ms)  (pid 8740)
Compiled kuchikomis.js  (101ms)  (pid 8740)
Compiled lib/jquery.raty.js  (0ms)  (pid 8740)
Compiled lib/jquery.raty.min のコピー.js  (0ms)  (pid 8740)
Compiled rails.js  (0ms)  (pid 8740)
Compiled use_rirekis.js  (41ms)  (pid 8740)
Compiled yokaup.js.erb_  (0ms)  (pid 8740)
Compiled application.js  (256ms)  (pid 8740)
Compiled izakaya.css  (0ms)  (pid 8740)
Compiled jquery.simple-color-picker.css  (0ms)  (pid 8740)
Compiled user.css  (0ms)  (pid 8740)
Compiled bootstrap/css/bootstrap.min.css  (0ms)  (pid 8740)
Compiled jquery.simple-color-picker.css  (0ms)  (pid 8740)
Compiled application.css  (60ms)  (pid 8740)
Compiled jquery.js  (0ms)  (pid 22284)
Compiled jquery_ujs.js  (0ms)  (pid 22284)
Compiled jquery.raty.min.js  (0ms)  (pid 22284)
Compiled jquery.simple-color-picker.js  (0ms)  (pid 22284)
Compiled kaisya.js  (0ms)  (pid 22284)
Compiled kuchikomis.js  (113ms)  (pid 22284)
Compiled lib/jquery.raty.js  (0ms)  (pid 22284)
Compiled lib/jquery.raty.min のコピー.js  (0ms)  (pid 22284)
Compiled rails.js  (0ms)  (pid 22284)
Compiled use_rirekis.js  (45ms)  (pid 22284)
Compiled yokaup.js.erb_  (0ms)  (pid 22284)
Compiled application.js  (264ms)  (pid 22284)
Compiled jquery.js  (0ms)  (pid 22313)
Compiled jquery_ujs.js  (0ms)  (pid 22313)
Compiled jquery.raty.min.js  (0ms)  (pid 22313)
Compiled jquery.simple-color-picker.js  (0ms)  (pid 22313)
Compiled kaisya.js  (0ms)  (pid 22313)
Compiled kuchikomis.js  (93ms)  (pid 22313)
Compiled lib/jquery.raty.js  (0ms)  (pid 22313)
Compiled lib/jquery.raty.min のコピー.js  (0ms)  (pid 22313)
Compiled rails.js  (0ms)  (pid 22313)
Compiled use_rirekis.js  (39ms)  (pid 22313)
Compiled yokaup.js.erb_  (0ms)  (pid 22313)
Compiled application.js  (232ms)  (pid 22313)
