Compiled jquery.js  (0ms)  (pid 21262)
Compiled jquery_ujs.js  (0ms)  (pid 21262)
Compiled jquery.raty.min.js  (0ms)  (pid 21262)
Compiled jquery.simple-color-picker.js  (0ms)  (pid 21262)
Compiled kaisya.js  (0ms)  (pid 21262)
Compiled kuchikomis.js  (99ms)  (pid 21262)
Compiled lib/jquery.raty.js  (1ms)  (pid 21262)
Compiled lib/jquery.raty.min のコピー.js  (0ms)  (pid 21262)
Compiled rails.js  (0ms)  (pid 21262)
Compiled use_rirekis.js  (59ms)  (pid 21262)
Compiled yokaup.js.erb_  (0ms)  (pid 21262)
Compiled application.js  (260ms)  (pid 21262)
Compiled izakaya.css  (0ms)  (pid 21262)
Compiled jquery.simple-color-picker.css  (0ms)  (pid 21262)
Compiled user.css  (0ms)  (pid 21262)
Compiled bootstrap/css/bootstrap.min.css  (0ms)  (pid 21262)
Compiled jquery.simple-color-picker.css  (0ms)  (pid 21262)
Compiled application.css  (59ms)  (pid 21262)
Compiled jquery.js  (0ms)  (pid 22238)
Compiled jquery_ujs.js  (0ms)  (pid 22238)
Compiled jquery.raty.min.js  (0ms)  (pid 22238)
Compiled jquery.simple-color-picker.js  (0ms)  (pid 22238)
Compiled kaisya.js  (0ms)  (pid 22238)
Compiled kuchikomis.js  (79ms)  (pid 22238)
Compiled lib/jquery.raty.js  (0ms)  (pid 22238)
Compiled lib/jquery.raty.min のコピー.js  (0ms)  (pid 22238)
Compiled rails.js  (0ms)  (pid 22238)
Compiled use_rirekis.js  (71ms)  (pid 22238)
Compiled yokaup.js.erb_  (0ms)  (pid 22238)
Compiled application.js  (250ms)  (pid 22238)
Compiled izakaya.css  (0ms)  (pid 22238)
Compiled jquery.simple-color-picker.css  (0ms)  (pid 22238)
Compiled user.css  (0ms)  (pid 22238)
Compiled bootstrap/css/bootstrap.min.css  (0ms)  (pid 22238)
Compiled jquery.simple-color-picker.css  (0ms)  (pid 22238)
Compiled application.css  (48ms)  (pid 22238)
Compiled jquery.js  (0ms)  (pid 22340)
Compiled jquery_ujs.js  (0ms)  (pid 22340)
Compiled jquery.raty.min.js  (0ms)  (pid 22340)
Compiled jquery.simple-color-picker.js  (0ms)  (pid 22340)
Compiled kaisya.js  (0ms)  (pid 22340)
Compiled kuchikomis.js  (77ms)  (pid 22340)
Compiled lib/jquery.raty.js  (1ms)  (pid 22340)
Compiled lib/jquery.raty.min のコピー.js  (0ms)  (pid 22340)
Compiled rails.js  (0ms)  (pid 22340)
Compiled use_rirekis.js  (94ms)  (pid 22340)
Compiled yokaup.js.erb_  (0ms)  (pid 22340)
Compiled application.js  (344ms)  (pid 22340)
Compiled izakaya.css  (0ms)  (pid 22340)
Compiled jquery.simple-color-picker.css  (0ms)  (pid 22340)
Compiled user.css  (0ms)  (pid 22340)
Compiled bootstrap/css/bootstrap.min.css  (0ms)  (pid 22340)
Compiled jquery.simple-color-picker.css  (4ms)  (pid 22340)
Compiled application.css  (77ms)  (pid 22340)
Compiled jquery.js  (1ms)  (pid 23061)
Compiled jquery_ujs.js  (0ms)  (pid 23061)
Compiled load1/jquery.raty.js  (0ms)  (pid 23061)
Compiled load1/jquery.raty.min.js  (0ms)  (pid 23061)
Compiled load1/jquery.simple-color-picker.js  (0ms)  (pid 23061)
Compiled load2/kaisya.js  (0ms)  (pid 23061)
Compiled load2/rails.js  (0ms)  (pid 23061)
Compiled application.js  (67ms)  (pid 23061)
Compiled yokaup.js.erb_  (0ms)  (pid 23061)
Compiled izakaya.css  (0ms)  (pid 23061)
Compiled jquery.simple-color-picker.css  (0ms)  (pid 23061)
Compiled user.css  (0ms)  (pid 23061)
Compiled bootstrap/css/bootstrap.min.css  (0ms)  (pid 23061)
Compiled application.css  (46ms)  (pid 23061)
Compiled jquery.js  (3ms)  (pid 23542)
Compiled jquery_ujs.js  (0ms)  (pid 23542)
Compiled load1/jquery.js  (0ms)  (pid 23542)
Compiled load1/jquery.raty.js  (0ms)  (pid 23542)
Compiled load1/jquery.raty.min.js  (0ms)  (pid 23542)
Compiled load1/jquery.simple-color-picker.js  (0ms)  (pid 23542)
Compiled load2/kaisya.js  (0ms)  (pid 23542)
Compiled load2/rails.js  (0ms)  (pid 23542)
Compiled application.js  (80ms)  (pid 23542)
Compiled yokaup.js.erb_  (0ms)  (pid 23542)
Compiled izakaya.css  (0ms)  (pid 23542)
Compiled jquery.simple-color-picker.css  (0ms)  (pid 23542)
Compiled user.css  (0ms)  (pid 23542)
Compiled bootstrap/css/bootstrap.min.css  (0ms)  (pid 23542)
Compiled application.css  (34ms)  (pid 23542)
Compiled jquery.js  (0ms)  (pid 23900)
Compiled jquery_ujs.js  (0ms)  (pid 23900)
Compiled load1/jquery.raty.js  (0ms)  (pid 23900)
Compiled load1/jquery.raty.min.js  (0ms)  (pid 23900)
Compiled load1/jquery.simple-color-picker.js  (0ms)  (pid 23900)
Compiled load2/kaisya.js  (0ms)  (pid 23900)
Compiled load2/rails.js  (0ms)  (pid 23900)
Compiled application.js  (64ms)  (pid 23900)
Compiled yokaup.js.erb_  (0ms)  (pid 23900)
Compiled izakaya.css  (0ms)  (pid 23900)
Compiled jquery.simple-color-picker.css  (0ms)  (pid 23900)
Compiled user.css  (0ms)  (pid 23900)
Compiled bootstrap/css/bootstrap.min.css  (0ms)  (pid 23900)
Compiled application.css  (54ms)  (pid 23900)
Compiled jquery.js  (2ms)  (pid 23982)
Compiled jquery_ujs.js  (0ms)  (pid 23982)
Compiled load1/jquery.js  (0ms)  (pid 23982)
Compiled load1/jquery.raty.js  (0ms)  (pid 23982)
Compiled load1/jquery.raty.min.js  (0ms)  (pid 23982)
Compiled load1/jquery.simple-color-picker.js  (0ms)  (pid 23982)
Compiled load2/kaisya.js  (0ms)  (pid 23982)
Compiled load2/rails.js  (0ms)  (pid 23982)
Compiled application.js  (72ms)  (pid 23982)
Compiled yokaup.js.erb_  (0ms)  (pid 23982)
Compiled izakaya.css  (0ms)  (pid 23982)
Compiled jquery.simple-color-picker.css  (0ms)  (pid 23982)
Compiled user.css  (0ms)  (pid 23982)
Compiled bootstrap/css/bootstrap.min.css  (0ms)  (pid 23982)
Compiled application.css  (33ms)  (pid 23982)
Compiled jquery.js  (2ms)  (pid 24044)
Compiled jquery_ujs.js  (0ms)  (pid 24044)
Compiled load1/jquery.js  (0ms)  (pid 24044)
Compiled load1/jquery.raty.js  (0ms)  (pid 24044)
Compiled load1/jquery.raty.min.js  (0ms)  (pid 24044)
Compiled load1/jquery.simple-color-picker.js  (0ms)  (pid 24044)
Compiled load2/kaisya.js  (0ms)  (pid 24044)
Compiled load2/rails.js  (0ms)  (pid 24044)
Compiled application.js  (91ms)  (pid 24044)
Compiled yokaup.js.erb_  (0ms)  (pid 24044)
Compiled izakaya.css  (0ms)  (pid 24044)
Compiled jquery.simple-color-picker.css  (0ms)  (pid 24044)
Compiled user.css  (0ms)  (pid 24044)
Compiled bootstrap/css/bootstrap.min.css  (0ms)  (pid 24044)
Compiled application.css  (28ms)  (pid 24044)
